Using pre-set license
Built from '2021.3/staging' branch; Version is '2021.3.13f1 (9e7d58001ecf) revision 10386776'; Using compiler version '192829333'; Build Type 'Release'
OS: 'Windows 10  (10.0.19045) 64bit Professional' Language: 'en' Physical Memory: 32693 MB
BatchMode: 1, IsHumanControllingUs: 0, StartBugReporterOnCrash: 0, Is64bit: 1, IsPro: 1

COMMAND LINE ARGUMENTS:
C:\Program Files\Unity\Hub\Editor\2021.3.13f1\Editor\Unity.exe
-adb2
-batchMode
-noUpm
-name
AssetImportWorker1
-projectPath
E:/Unity/Projects/TheCall
-logFile
Logs/AssetImportWorker1.log
-srvPort
50527
Successfully changed project path to: E:/Unity/Projects/TheCall
E:/Unity/Projects/TheCall
[UnityMemory] Configuration Parameters - Can be set up in boot.config
    "memorysetup-bucket-allocator-granularity=16"
    "memorysetup-bucket-allocator-bucket-count=8"
    "memorysetup-bucket-allocator-block-size=33554432"
    "memorysetup-bucket-allocator-block-count=8"
    "memorysetup-main-allocator-block-size=16777216"
    "memorysetup-thread-allocator-block-size=16777216"
    "memorysetup-gfx-main-allocator-block-size=16777216"
    "memorysetup-gfx-thread-allocator-block-size=16777216"
    "memorysetup-cache-allocator-block-size=4194304"
    "memorysetup-typetree-allocator-block-size=2097152"
    "memorysetup-profiler-bucket-allocator-granularity=16"
    "memorysetup-profiler-bucket-allocator-bucket-count=8"
    "memorysetup-profiler-bucket-allocator-block-size=33554432"
    "memorysetup-profiler-bucket-allocator-block-count=8"
    "memorysetup-profiler-allocator-block-size=16777216"
    "memorysetup-profiler-editor-allocator-block-size=1048576"
    "memorysetup-temp-allocator-size-main=16777216"
    "memorysetup-job-temp-allocator-block-size=2097152"
    "memorysetup-job-temp-allocator-block-size-background=1048576"
    "memorysetup-job-temp-allocator-reduction-small-platforms=262144"
    "memorysetup-temp-allocator-size-background-worker=32768"
    "memorysetup-temp-allocator-size-job-worker=262144"
    "memorysetup-temp-allocator-size-preload-manager=33554432"
    "memorysetup-temp-allocator-size-nav-mesh-worker=65536"
    "memorysetup-temp-allocator-size-audio-worker=65536"
    "memorysetup-temp-allocator-size-cloud-worker=32768"
    "memorysetup-temp-allocator-size-gi-baking-worker=262144"
    "memorysetup-temp-allocator-size-gfx=262144"
Refreshing native plugins compatible for Editor in 123.30 ms, found 3 plugins.
Preloading 0 native plugins for Editor in 0.00 ms.
Initialize engine version: 2021.3.13f1 (9e7d58001ecf)
[Subsystems] Discovering subsystems at path C:/Program Files/Unity/Hub/Editor/2021.3.13f1/Editor/Data/Resources/UnitySubsystems
[Subsystems] Discovering subsystems at path E:/Unity/Projects/TheCall/Assets
GfxDevice: creating device client; threaded=0; jobified=0
Direct3D:
    Version:  Direct3D 11.0 [level 11.1]
    Renderer: AMD Radeon RX 6600 XT (ID=0x73ff)
    Vendor:   ATI
    VRAM:     8147 MB
    Driver:   31.0.22023.1014
Initialize mono
Mono path[0] = 'C:/Program Files/Unity/Hub/Editor/2021.3.13f1/Editor/Data/Managed'
Mono path[1] = 'C:/Program Files/Unity/Hub/Editor/2021.3.13f1/Editor/Data/MonoBleedingEdge/lib/mono/unityjit-win32'
Mono config path = 'C:/Program Files/Unity/Hub/Editor/2021.3.13f1/Editor/Data/MonoBleedingEdge/etc'
Using monoOptions --debugger-agent=transport=dt_socket,embedding=1,server=y,suspend=n,address=127.0.0.1:56280
Begin MonoManager ReloadAssembly
Registering precompiled unity dll's ...
Register platform support module: C:/Program Files/Unity/Hub/Editor/2021.3.13f1/Editor/Data/PlaybackEngines/WindowsStandaloneSupport/UnityEditor.WindowsStandalone.Extensions.dll
Registered in 0.007913 seconds.
Native extension for WindowsStandalone target not found
Refreshing native plugins compatible for Editor in 115.63 ms, found 3 plugins.
Preloading 0 native plugins for Editor in 0.00 ms.
Mono: successfully reloaded assembly
- Completed reload, in  0.546 seconds
Domain Reload Profiling:
	ReloadAssembly (546ms)
		BeginReloadAssembly (64ms)
			ExecutionOrderSort (0ms)
			DisableScriptedObjects (0ms)
			BackupInstance (0ms)
			ReleaseScriptingObjects (0ms)
			CreateAndSetChildDomain (1ms)
		EndReloadAssembly (390ms)
			LoadAssemblies (61ms)
			RebuildTransferFunctionScriptingTraits (0ms)
			SetupTypeCache (69ms)
			ReleaseScriptCaches (0ms)
			RebuildScriptCaches (17ms)
			SetupLoadedEditorAssemblies (263ms)
				LogAssemblyErrors (0ms)
				InitializePlatformSupportModulesInManaged (7ms)
				SetLoadedEditorAssemblies (0ms)
				RefreshPlugins (116ms)
				BeforeProcessingInitializeOnLoad (1ms)
				ProcessInitializeOnLoadAttributes (108ms)
				ProcessInitializeOnLoadMethodAttributes (31ms)
				AfterProcessingInitializeOnLoad (0ms)
				EditorAssembliesLoaded (0ms)
			ExecutionOrderSort2 (0ms)
			AwakeInstancesAfterBackupRestoration (0ms)
Platform modules already initialized, skipping
Registering precompiled user dll's ...
Registered in 0.007847 seconds.
Begin MonoManager ReloadAssembly
Symbol file LoadedFromMemory doesn't match image E:\Unity\Projects\TheCall\Library\PackageCache\com.unity.visualscripting@1.7.8\Editor\VisualScripting.Core\Dependencies\DotNetZip\Unity.VisualScripting.IonicZip.dll
Symbol file LoadedFromMemory doesn't match image E:\Unity\Projects\TheCall\Library\PackageCache\com.unity.visualscripting@1.7.8\Editor\VisualScripting.Core\Dependencies\YamlDotNet\Unity.VisualScripting.YamlDotNet.dll
Native extension for WindowsStandalone target not found
Refreshing native plugins compatible for Editor in 125.78 ms, found 3 plugins.
Preloading 0 native plugins for Editor in 0.00 ms.
Package Manager log level set to [2]
Mono: successfully reloaded assembly
- Completed reload, in  1.440 seconds
Domain Reload Profiling:
	ReloadAssembly (1441ms)
		BeginReloadAssembly (99ms)
			ExecutionOrderSort (0ms)
			DisableScriptedObjects (4ms)
			BackupInstance (0ms)
			ReleaseScriptingObjects (0ms)
			CreateAndSetChildDomain (17ms)
		EndReloadAssembly (1241ms)
			LoadAssemblies (94ms)
			RebuildTransferFunctionScriptingTraits (0ms)
			SetupTypeCache (293ms)
			ReleaseScriptCaches (1ms)
			RebuildScriptCaches (73ms)
			SetupLoadedEditorAssemblies (757ms)
				LogAssemblyErrors (0ms)
				InitializePlatformSupportModulesInManaged (6ms)
				SetLoadedEditorAssemblies (0ms)
				RefreshPlugins (126ms)
				BeforeProcessingInitializeOnLoad (117ms)
				ProcessInitializeOnLoadAttributes (294ms)
				ProcessInitializeOnLoadMethodAttributes (205ms)
				AfterProcessingInitializeOnLoad (9ms)
				EditorAssembliesLoaded (0ms)
			ExecutionOrderSort2 (0ms)
			AwakeInstancesAfterBackupRestoration (4ms)
Platform modules already initialized, skipping
========================================================================
Worker process is ready to serve import requests
Launched and connected shader compiler UnityShaderCompiler.exe after 0.04 seconds
Refreshing native plugins compatible for Editor in 2.05 ms, found 3 plugins.
Preloading 0 native plugins for Editor in 0.00 ms.
Unloading 7308 Unused Serialized files (Serialized files now loaded: 0)
Unloading 96 unused Assets / (3.5 MB). Loaded Objects now: 7730.
Memory consumption went from 316.7 MB to 313.2 MB.
Total: 9.057600 ms (FindLiveObjects: 0.731700 ms CreateObjectMapping: 0.643600 ms MarkObjects: 6.919300 ms  DeleteObjects: 0.761700 ms)

AssetImportParameters requested are different than current active one (requested -> active):
  custom:video-decoder-ogg-theora: a1e56fd34408186e4bbccfd4996cb3dc -> 
  custom:container-muxer-webm: aa71ff27fc2769a1b78a27578f13a17b -> 
  custom:container-demuxer-webm: 4f35f7cbe854078d1ac9338744f61a02 -> 
  custom:video-encoder-webm-vp8: eb34c28f22e8b96e1ab97ce403110664 -> 
  custom:audio-encoder-webm-vorbis: bf7c407c2cedff20999df2af8eb42d56 -> 
  custom:framework-win-MediaFoundation: 216162199b28c13a410421893ffa2e32 -> 
  custom:container-demuxer-ogg: 62fdf1f143b41e24485cea50d1cbac27 -> 
  custom:video-decoder-webm-vp8: 9c59270c3fd7afecdb556c50c9e8de78 -> 
  custom:audio-decoder-ogg-vorbis: bf7c407c2cedff20999df2af8eb42d56 -> 
========================================================================
Received Import Request.
  Time since last request: 509.569266 seconds.
  path: Assets/HDRP
  artifactKey: Guid(734d5e9f0d0c647419df1bc2e49b997c) Importer(815301076,1909f56bfc062723c751e8b465ee728b)
Start importing Assets/HDRP using Guid(734d5e9f0d0c647419df1bc2e49b997c) Importer(815301076,1909f56bfc062723c751e8b465ee728b)  -> (artifact id: 'ed47a59cf3cc375c6e3e32ce058041cc') in 0.020055 seconds 
========================================================================
Received Import Request.
  Time since last request: 51.790658 seconds.
  path: Assets/Balins Working folder/ExportBalin/TreePrefabs/Conifer_High_Production_NoSnow_GEO 1.prefab
  artifactKey: Guid(959bb501007a4c44bb76ac45a8124dbd) Importer(815301076,1909f56bfc062723c751e8b465ee728b)
Start importing Assets/Balins Working folder/ExportBalin/TreePrefabs/Conifer_High_Production_NoSnow_GEO 1.prefab using Guid(959bb501007a4c44bb76ac45a8124dbd) Importer(815301076,1909f56bfc062723c751e8b465ee728b)  -> (artifact id: 'f3ca44b014a246cb2e9862915660411c') in 0.060375 seconds 
========================================================================
Received Import Request.
  Time since last request: 0.023531 seconds.
  path: Assets/Balins Working folder/ExportBalin/TreePrefabs/The Big tree.prefab
  artifactKey: Guid(eb9f02dcc8c8a9c40ba2818f862e4dc6) Importer(815301076,1909f56bfc062723c751e8b465ee728b)
Start importing Assets/Balins Working folder/ExportBalin/TreePrefabs/The Big tree.prefab using Guid(eb9f02dcc8c8a9c40ba2818f862e4dc6) Importer(815301076,1909f56bfc062723c751e8b465ee728b)  -> (artifact id: 'a2752cfc088dccc3e72ad61fea280fea') in 0.611830 seconds 
========================================================================
Received Import Request.
  Time since last request: 44.668557 seconds.
  path: Assets/Balins Working folder/ExportBalin/Tree MODELS/Conifer_High_Production.tga
  artifactKey: Guid(79873bfc1a4ff634487675b0a3c7e135) Importer(815301076,1909f56bfc062723c751e8b465ee728b)
Start importing Assets/Balins Working folder/ExportBalin/Tree MODELS/Conifer_High_Production.tga using Guid(79873bfc1a4ff634487675b0a3c7e135) Importer(815301076,1909f56bfc062723c751e8b465ee728b)  -> (artifact id: 'c6d2ccc2e4df413ec78315f1dadbf7ab') in 0.157811 seconds 
========================================================================
Received Import Request.
  Time since last request: 0.000041 seconds.
  path: Assets/Balins Working folder/ExportBalin/Tree MODELS/Conifer_High_Production_NoSnow_GEO.fbx
  artifactKey: Guid(58999a0c7475a7346aae6bd64a755864) Importer(815301076,1909f56bfc062723c751e8b465ee728b)
Start importing Assets/Balins Working folder/ExportBalin/Tree MODELS/Conifer_High_Production_NoSnow_GEO.fbx using Guid(58999a0c7475a7346aae6bd64a755864) Importer(815301076,1909f56bfc062723c751e8b465ee728b)  -> (artifact id: 'ad85da9cdca06e261ade3923af85a9bc') in 11.105435 seconds 
========================================================================
Received Import Request.
  Time since last request: 0.000037 seconds.
  path: Assets/Balins Working folder/ExportBalin/Tree MODELS/Tree2/Leaf_Low.tga
  artifactKey: Guid(8047d4eaaca316747a1755a0130ffcd9) Importer(815301076,1909f56bfc062723c751e8b465ee728b)
Start importing Assets/Balins Working folder/ExportBalin/Tree MODELS/Tree2/Leaf_Low.tga using Guid(8047d4eaaca316747a1755a0130ffcd9) Importer(815301076,1909f56bfc062723c751e8b465ee728b)  -> (artifact id: '08e7813cc0b791cd083849338970fcfb') in 0.010607 seconds 
========================================================================
Received Import Request.
  Time since last request: 0.000030 seconds.
  path: Assets/Balins Working folder/ExportBalin/Tree MODELS/Tree2/BlueSpruceBark_Normal.tga
  artifactKey: Guid(5f256f9439a18094b84681eaad0e3e58) Importer(815301076,1909f56bfc062723c751e8b465ee728b)
Start importing Assets/Balins Working folder/ExportBalin/Tree MODELS/Tree2/BlueSpruceBark_Normal.tga using Guid(5f256f9439a18094b84681eaad0e3e58) Importer(815301076,1909f56bfc062723c751e8b465ee728b)  -> (artifact id: '7ad1bec7a42a38e99aee8699717c704c') in 0.033897 seconds 
========================================================================
Received Import Request.
  Time since last request: 0.000038 seconds.
  path: Assets/Balins Working folder/ExportBalin/Tree MODELS/Tree2/Conifer_Low.fbx
  artifactKey: Guid(7155f108c36f4854794d4751b00c4c70) Importer(815301076,1909f56bfc062723c751e8b465ee728b)
Start importing Assets/Balins Working folder/ExportBalin/Tree MODELS/Tree2/Conifer_Low.fbx using Guid(7155f108c36f4854794d4751b00c4c70) Importer(815301076,1909f56bfc062723c751e8b465ee728b)  -> (artifact id: '23aed62d02a9b642fe351293cdf14eed') in 0.040159 seconds 
========================================================================
Received Import Request.
  Time since last request: 0.000040 seconds.
  path: Assets/Balins Working folder/ExportBalin/Tree MODELS/Tree2/Tree2.mat
  artifactKey: Guid(27feaea30482722459c3f93d8de96fd5) Importer(815301076,1909f56bfc062723c751e8b465ee728b)
Start importing Assets/Balins Working folder/ExportBalin/Tree MODELS/Tree2/Tree2.mat using Guid(27feaea30482722459c3f93d8de96fd5) Importer(815301076,1909f56bfc062723c751e8b465ee728b)  -> (artifact id: '2d0336e13e8138f108e450702660c5dc') in 0.766355 seconds 
========================================================================
Received Import Request.
  Time since last request: 0.000053 seconds.
  path: Assets/Balins Working folder/ExportBalin/Tree MODELS/Stylized_Conifer_Winter_LowPoly_GEO.fbx
  artifactKey: Guid(47c7fc942a08ec449b14d913695da9aa) Importer(815301076,1909f56bfc062723c751e8b465ee728b)
Start importing Assets/Balins Working folder/ExportBalin/Tree MODELS/Stylized_Conifer_Winter_LowPoly_GEO.fbx using Guid(47c7fc942a08ec449b14d913695da9aa) Importer(815301076,1909f56bfc062723c751e8b465ee728b)  -> (artifact id: 'c72a548164ce9698871362d86903dd1d') in 0.173183 seconds 
